eJzLTswryUgsyi/WS87PtfKG8ayyYSwjA0MTABPkDeo=
eJzLTswryUgsyi/WS87PtfKG8ayyYSwA3VsNIw==
eJzLTswryUgsyi/WS87PtfKG8ayyYSwA3VsNIw==
eJzLTswryUgsyi/WS87PtfKG8ayyYSwA3VsNIw==
eJzLTswryUgsyi/WS87PtfKG8ayyYSwA3VsNIw==
eJzLTswryUgsyi/WS87PtfKG8ayyYSwA3VsNIw==
eJwrLy/Xy07MK8lILMov1kvOz7XyhvGsElNyM/MA3UcM9A==
eJwrLy/Xy07MK8lILMov1kvOz7XyhvGsElNyM/MMjYwBBVwNig==
eJwrLy/Xy07MK8lILMov1kvOz7XyhvEQLAAUng6W
eJwrLy/Xy07MK8lILMov1kvOz7XyhvEQLEMjYwBBig8s
eJwrLy/Xy07MK8lILMov1kvOz7XyhvEQrMLyVABDBg/j
eJwrLy/Xy07MK8lILMov1kvOz7XyhvEQLEMj48LyVABxtBB5
eJwrLy/Xy07MK8lILMov1kvOz7XyhvGsCstTi0oqAet6DZc=
eJwrLy/Xy07MK8lILMov1kvOz7XyhvGsDI2MgQgA5kwMFw==
eJwrLy/Xy07MK8lILMov1kvOz7XyhvGsEpOSDY2MAekcDKc=
eJwrLy/Xy07MK8lILMov1kvOz7XyhvGsDI2ME5OSAedsDKc=
eJwrLy/Xy07MK8lILMov1kvOz7XyhvGsDMEAAOY7DBE=
eJwrLy/Xy07MK8lILMov1kvOz7XyhvGsChKLi8vzi1IAB6QOXg==
eJwrLy/Xy07MK8lILMov1kvOz7XyhvGsChKLi8vzi1IMARYzDo8=
eJwrLy/Xy07MK8lILMov1kvOz7XyhvGsChKLi8vzi1IMjQAk9A7B
eJwrLy/Xy07MK8lILMov1kvOz7XyhvGsChKLi8vzi1IMjYwBM+gO9A==
eJwrLy/Xy07MK8lILMov1kvOz7XyhvGsChKLiwHQnAyi
eJwrLy/Xy07MK8lILMov1kvOz7XyhvGsChKLiw2NjAH3rA04
eJwrLy/Xy07MK8lILMov1kvOz7XyhvGsDI2MC8tTgSQAD2sNZA==
eJwrLy/Xy07MK8lILMov1kvOz7XyhvGsDI2MTUzNzC0sDQAZEwz4
eJwrLy/Xy07MK8lILMov1kvOz7XyhvGsDI2MTUzNzC0sAQwbDMg=
eJwrLy/Xy07MK8lILMov1kvOz7XyhvGsDI2MTUzNzC0A/0QMjw==
eJwrLy/Xy07MK8lILMov1kvOz7XyhvGsDI2MTUzNzAHytQxX
eJwrLy/Xy07MK8lILMov1kvOz7XyhvGsDI2MTUzNAOZeDCA=
eJwrLy/Xy07MK8lILMov1kvOz7XyhvGsDI2MTUwB2j4L6g==
eJwrLy/Xy07MK8lILMov1kvOz7XyhvGsDI2MTQDOVAu1
eJwrLy/Xy07MK8lILMov1kvOz7XyhvGsDI2MAcKfC4E=
eJwrLy/Xy07MK8lILMov1kvOz7XyhvGs4OIAFb4Otg==
eJwrLy/Xy07MK8lILMov1kvOz7XyhvGsknLy0wHQcQyP
eJwrLy/Xy07MK8lILMov1kvOz7XyhvGs4OKGRsYAQwoPTA==
eJwrLy/Xy07MK8lILMov1kvOz7XyhvGsUMQBU8IQIw==
eJwrLy/Xy07MK8lILMov1kvOz7XyhvGsDI2M4VIAPO8PTA==
eJwrLy/Xy07MK8lILMov1kvOz7XyhvGsSlKLSwyNjAH35A1B
eJwrLy/Xy07MK8lILMov1kvOz7XyhvGsSlKLSwDQuQyr
eJwrLy/Xy07MK8lILMov1kvOz7XyhvGsDI2MjY0MAeZQDBc=
eJwrLy/Xy07MK8lILMov1kvOz7XyhvGsDI2MTQrLU4sAAZwNdA==
eJwrLy/Xy07MK8lILMov1kvOz7XyhvGsEqtSi0oqAespDYo=
eJwrLy/Xy07MK8lILMov1kvOz7XyhvGscvPzslMrAesrDX4=
eJwrLy/Xy07MK8lILMov1kvOz7XyhvGsijMSU/LLAer1DXE=
eJwrLy/Xy07MK8lILMov1kvOz7XyhvGsikvzijMy81IBB9UOWA==
eJwrLy/Xy07MK8lILMov1kvOz7XyhvGsclJLclMz8wD42g3Z
eJwrLy/Xy07MK8lILMov1kvOz7XyhvGsEpOSUwyNjE0ABAsNPw==
eJwrLy/Xy07MK8lILMov1kvOz7XyhvGszMAAAOakDC8=
eJwrLy/Xy07MK8lILMov1kvOz7XyhvGsMnPyy1Ir80sBB5EOZw==
eJwrLy/Xy07MK8lILMov1kvOz7XyhvGschOLS1KLAOsNDXc=
eJzLTswryUgsyi/WS87PtfKG8ayyYSwA3VsNIw==
eJzLTswryUgsyi/WS87PtfKG8ayyYSwA3VsNIw==
eJzLTswryUgsyi/WS87PtfKG8ayyYSwA3VsNIw==
eJzLTswryUgsyi/WS87PtfKG8ayyYSxDI2MABf0NuQ==
eJzLTswryUgsyi/WS87PtfKG8ayyYSwA3VsNIw==
eJzLTswryUgsyi/WS87PtfKG8ayyYSwA3VsNIw==
eJzLTswryUgsyi/WS87PtfKG8ayyYSwA3VsNIw==
eJwrLy/Xy07MK8lILMov1kvOz7XyhvGsDAuNyo1TAeiJDM4=
eJzLTswryUgsyi/WS87PtfKG8ayyYSxDAOqvDVQ=
eJzLTswryUgsyi/WS87PtfKG8RAsANw7DQM=
eJzLTswryUgsyi/WS87PtfKG8RAsANw7DQM=
eJzLTswryUgsyi/WS87PtfKG8RAsANw7DQM=
eJzLTswryUgsyi/WS87PtfKG8RAsANw7DQM=
eJzLTswryUgsyi/WS87PtfKG8RAsANw7DQM=
eJzLTswryUgsyi/WS87PtfKG8ayyYSwA3VsNIw==
eJzLTswryUgsyi/WS87PtfKG8ayyYSwA3VsNIw==
eJzLTswryUgsyi/WS87PtfKG8RAsANw7DQM=
eJzLTswryUgsyi/WS87PtfKG8RAsANw7DQM=
eJzLTswryUgsyi/WS87PtfKG8RAsANw7DQM=
eJzLTswryUgsyi/WS87PtfKG8RAsANw7DQM=
eJzLTswryUgsyi/WS87PtfKG8ayyYSwjA0NjABPjDek=
eJzLTswryUgsyi/WS87PtfKG8RAsANw7DQM=
eJzLTswryUgsyi/WS87PtfKG8RAsANw7DQM=
eJwrLy/Xy07MK8lILMov1kvOz7XyhvGsDAuNyo1TAeiJDM4=
eJzLTswryUgsyi/WS87PtfKG8RAsANw7DQM=
eJzLTswryUgsyi/WS87PtfKG8ayyYSwjA0MjABPiDeg=
eJzLTswryUgsyi/WS87PtfKG8ayyYSwjA0MjABPiDeg=
eJwrLy/Xy07MK8lILMov1kvOz7XyhvEQLEMjYxNTAGB/D5U=
eJwrLy/Xy07MK8lILMov1kvOz7XyhvGsDA2NjIyNAeZIDBc=
eJzLTswryUgsyi/WS87PtfKG8ayyYSwjA0NDABPhDec=
eJwrLy/Xy07MK8lILMov1kvOz7XyhvGsilOTi1JLAOsBDXE=
eJwrLy/Xy07MK8lILMov1kvOz7XyhvGsHFNyM/MMjYwBBFwNag==
eJzLTswryUgsyi/WS87PtUpMyc3MszIEAFtoB+c=
eJzLTswryUgsyi/WS87PtUpMyc3MszI0NAQAa8kISQ==
eJzLTswryUgsyi/WS87PtUpMyc3MszI0MgYAa80ITA==
eJzLTswryUgsyi/WS87PtUpMyc3MszI0MjYBAHRNCIA=
eJzLTswryUgsyi/WS87PtUpMyc3MszIEAQB87gir
eJzLTswryUgsyi/WS87PtUpMyc3MszI0MjYxBQB9Agi1
eJzLTswryUgsyi/WS87PtUpMyc3MszIFAQB9Kgi/
eJzLTswryUgsyi/WS87PtUpMyc3MszIEAwCFygjc
eJzLTswryUgsyi/WS87PtUpMyc3MszI0AkEAhdMI3w==
eJzLTswryUgsyi/WS87PtUpMyc3MszI0MgYiAIXbCOI=
eJzLTswryUgsyi/WS87PtUpMyc3MszI0MjY2MgQAhd8I4g==
eJzLTswryUgsyi/WS87PtUpMyc3MszI0MjYxNQMAhe0I6w==
eJzLTswryUgsyi/WS87PtUpMyc3MszICAwCF3wji
eJzLTswryUgsyi/WS87PtUpMyc3MszI0MjYxNTO3AACYaQla
eJzLTswryUgsyi/WS87PtUpMyc3MszI0MjYxNTO3sDQAAKu/CcM=
eJzLTswryUgsyi/WS87PtUpMyc3MszI0MjYpLE8tAgCasgo/
eJzLTswryUgsyi/WS87PtUpMyc3MszI0MjYpSi0vBACaowo/
eJzLTswryUgsyi/WS87PtUpMyc3MszI0Mi4sTwUAh1cJmQ==
eJzLTswryUgsyi/WS87PtUpMyc3MszI0Mi4sT00sTqmqSAYAycMMJg==
eJzLTswryUgsyi/WS87PtUpMyc3MszI0KixPLK6qAACdWQrH
eJwrLy/Xy07MK8lILMov1kvOz7XyhvEQLEUHZRVVAGAHD2M=
eJzLTswryUgsyi/WS87PtfKG8RAsANw7DQM=
eJzLTswryUgsyi/WS87PtfKG8RAsANw7DQM=
eJzLTswryUgsyi/WS87PtfKG8ayyYSwA3VsNIw==
eJzLTswryUgsyi/WS87PtfKG8RAsANw7DQM=
eJzLTswryUgsyi/WS87PtfKG8RAsANw7DQM=
eJzLTswryUgsyi/WS87PtfKG8ayyYSwA3VsNIw==
eJzLTswryUgsyi/WS87PtfKG8ayyYSwA3VsNIw==
eJzLTswryUgsyi/WS87PtfKG8ayyYSwA3VsNIw==
eJwrLy/Xy07MK8lILMov1kvOz7XyhvGsCstTDY2MAentDM4=
eJzLTswryUgsyi/WS87PtfKG8ayyYSwA3VsNIw==
eJwrLy/Xy07MK8lILMov1kvOz7XyhvGsDI2MTUzNzAHytQxX
eJzLTswryUgsyi/WS87PtfKG8ayyYSwA3VsNIw==
eJzLTswryUgsyi/WS87PtfKG8ayyYSwA3VsNIw==
eJzLTswryUgsyi/WS87PtfKG8ayyYSwA3VsNIw==
eJzLTswryUgsyi/WS87PtfKG8ayyYSwA3VsNIw==
eJzLTswryUgsyi/WS87PtfKG8awSU3Iz8wCrPwth
eJzLTswryUgsyi/WS87PtfKG8awSU3Iz8wCrPwth
eJzLTswryUgsyi/WS87PtfKG8awMAYAUCYk=
eJzLTswryUgsyi/WS87PtfKG8ayyYSwjA0MDABPgDeY=
eJzLTswryUgsyi/WS87PtfKG8awMAYAUCYk=
eJzLTswryUgsyi/WS87PtfKG8awMAYAUCYk=
eJzLTswryUgsyi/WS87PtfKG8awMAYAUCYk=
eJzLTswryUgsyi/WS87PtfKG8RAsANw7DQM=
eJzLTswryUgsyi/WS87PtfKG8awMjQCJzwm7
eJzLTswryUgsyi/WS87PtfKG8awMjQCJzwm7
eJzLTswryUgsyi/WS87PtfKG8awMjQCJzwm7
eJzLTswryUgsyi/WS87PtfKG8RAsANw7DQM=
eJzLTswryUgsyi/WS87PtfKG8awMjYwBk70J7g==
eJzLTswryUgsyi/WS87PtfKG8RAsANw7DQM=
eJwrLy/Xy07MK8lILMov1kvOz7XyhvGsqiqSy5LycnX09AEkdA58
eJwrLy/Xy07MK8lILMov1kvOz7XyhvGsHFNyM/OMDAyNARHzDZo=
eJzLTswryUgsyi/WS87PtfKG8ayyYSxjI0MABgENuQ==
eJzLTswryUgsyi/WS87PtfKG8RAsYyNDAASBDZk=
eJwrLy/Xy07MK8lILMov1kvOz7VKTMnNzLMyAAIAnmIKCQ==
eJwrLy/Xy07MK8lILMov1kvOz7XyhvGs4OIAFb4Otg==
eJwrLy/Xy07MK8lILMov1kvOz7XyhvGsUMQBU8IQIw==
eJwrLy/Xy07MK8lILMov1kvOz7XyhvGs4OKGRsYAQwoPTA==
eJwrLy/Xy07MK8lILMov1kvOz7XyhvEQLAAUng6W
eJwrLy/Xy07MK8lILMov1kvOz7XyhvEQLEMjYwBBig8s
eJwrLy/Xy07MK8lILMov1kvOz7XyhvEQLEMj48LyVABxtBB5
eJwrLy/Xy07MK8lILMov1kvOz7XyhvEQrMLyVABDBg/j
eJwrLy/Xy07MK8lILMov1kvOz7XyhvEQrMTiFABCzQ/O
eJwrLy/Xy07MK8lILMov1kvOz7XyhvEQrMTiFEMjYwBzYRBk
eJwrLy/Xy07MK8lILMov1kvOz7XyhvEQrMLy1MTiFAB1HBEb
eJwrLy/Xy07MK8lILMov1kvOz7XyhvGsDIAAAM5AC6s=
eJwrLy/Xy07MK8lILMov1kvOz7XyhvGsDMAAAOYmDAs=
eJwrLy/Xy07MK8lILMov1kvOz7XyhvGsDKAAAP7MDGs=
eJwrLy/Xy07MK8lILMov1kvOz7XyhvGsDMwtDAwLE6sAAK8NNw==
eJwrLy/Xy07MK8lILMov1kvOz7XyhvGsDCwtzM1MTYyNDAEZXgz4
eJwrLy/Xy07MK8lILMov1kvOz7XyhvGsDA1AEADmMgwO
eJwrLy/Xy07MK8lILMov1kvOz7XyhvGsDA2MLI0tTMxNzQAZCQz4
eJwrLy/Xy07MK8lILMov1kvOz7XyhvGsDA0NAcKbC34=
eJwrLy/Xy07MK8lILMov1kvOz7XyhvGsDIEAAM5KC68=
eJwrLy/Xy07MK8lILMov1kvOz7XyhvGsDEEAANoqC+A=
eJwrLy/Xy07MK8lILMov1kvOz7XyhvGsDMEAAOY7DBE=
eJwrLy/Xy07MK8lILMov1kvOz7XyhvGsDKEAAP7wDHM=
eJwrLy/Xy07MK8lILMov1kvOz7XyhvGsDA2NjIyNAeZIDBc=
eJwrLy/Xy07MK8lILMov1kvOz7XyhvGsDA2NjIyNTUwA/xIMfw==
eJwrLy/Xy07MK8lILMov1kvOz7XyhvGsDA2NjIyNTUxMTQEYvgzp
eJwrLy/Xy07MK8lILMov1kvOz7XyhvGsDA2NjIyNTUxMTc3MADMyDVU=
eJwrLy/Xy07MK8lILMov1kvOz7XyhvGsDA2NjIyNTUxMTc3MzM0BToENww==
eJwrLy/Xy07MK8lILMov1kvOz7XyhvGsDA0TU3Iz8wwNARDoDbg=
eJwrLy/Xy07MK8lILMov1kvOz7XyhvGsDI0Atx4LTg==
eJwrLy/Xy07MK8lILMov1kvOz7XyhvGsDI30DI0A2iYL3w==
eJwrLy/Xy07MK8lILMov1kvOz7XyhvGsDI0MjQDOTgux
eJwrLy/Xy07MK8lILMov1kvOz7XyhvGsDI1AEADmRAwU
eJwrLy/Xy07MK8lILMov1kvOz7XyhvGsDI1AEADmRAwU
eJwrLy/Xy07MK8lILMov1kvOz7XyhvGsDI2MAcKfC4E=
eJwrLy/Xy07MK8lILMov1kvOz7XyhvGsDI2M9YAYAPKFDEU=
eJwrLy/Xy07MK8lILMov1kvOz7XyhvGsDI2MgQgA5kwMFw==
eJwrLy/Xy07MK8lILMov1kvOz7XyhvGsDI2MjY0MAeZQDBc=
eJwrLy/Xy07MK8lILMov1kvOz7XyhvGsDI2MTQDOVAu1
eJwrLy/Xy07MK8lILMov1kvOz7XyhvGsDI2MTUwB2j4L6g==
eJwrLy/Xy07MK8lILMov1kvOz7XyhvGsDI2MTUxNTYyNDAEY5gzp
eJwrLy/Xy07MK8lILMov1kvOz7XyhvGsDI2MTUzNAOZeDCA=
eJwrLy/Xy07MK8lILMov1kvOz7XyhvGsDI2MTUzNzAHytQxX
eJwrLy/Xy07MK8lILMov1kvOz7XyhvGsDI2MTUzNzC0A/0QMjw==
eJwrLy/Xy07MK8lILMov1kvOz7XyhvGsDI2MTUzNzC0sAQwbDMg=
eJwrLy/Xy07MK8lILMov1kvOz7XyhvGsDI2MTUzNzC0sDQAZEwz4
eJwrLy/Xy07MK8lILMov1kvOz7XyhvGsDI2MTUwTk5IBAFUNEA==
eJwrLy/Xy07MK8lILMov1kvOz7XyhvGsDI2MTUwLy1MBALENNw==
eJwrLy/Xy07MK8lILMov1kvOz7XyhvGsDI2MTUwLy1OLSgAcdw4d
eJwrLy/Xy07MK8lILMov1kvOz7XyhvGsDI2MTRKTklMAAQsNPw==
eJwrLy/Xy07MK8lILMov1kvOz7XyhvGsDI2MTQrLU4sAAZwNdA==
eJwrLy/Xy07MK8lILMov1kvOz7XyhvGsDI2MTYpSywsBAY0NdA==
eJwrLy/Xy07MK8lILMov1kvOz7XyhvGsDI2MTQHOVQu2
eJwrLy/Xy07MK8lILMov1kvOz7XyhvGsDI2MzUxNAOZiDCA=
eJwrLy/Xy07MK8lILMov1kvOz7XyhvGsDI2MzSwtzE0A/2AMkw==
eJwrLy/Xy07MK8lILMov1kvOz7XyhvGsDI2MzS0sAeZwDCk=
eJwrLy/Xy07MK8lILMov1kvOz7XyhvGsDI2ME5OSAedsDKc=
eJwrLy/Xy07MK8lILMov1kvOz7XyhvGsDI2ME5OSgSQADpoNPQ==
eJwrLy/Xy07MK8lILMov1kvOz7XyhvGsDI2ME1NyM/MAAi8Nig==
eJwrLy/Xy07MK8lILMov1kvOz7XyhvGsDI2MgQIA55YMwA==
eJwrLy/Xy07MK8lILMov1kvOz7XyhvGsDI2MU8sLAeewDM4=
eJwrLy/Xy07MK8lILMov1kvOz7XyhvGsDI2M0/MB2t4MVw==
eJwrLy/Xy07MK8lILMov1kvOz7XyhvGsDI2MC8tTAefIDM4=
eJwrLy/Xy07MK8lILMov1kvOz7XyhvGsDI2MC8tTgSQAD2sNZA==
eJwrLy/Xy07MK8lILMov1kvOz7XyhvGsDI2MC8tTISQAOj0OsQ==
eJwrLy/Xy07MK8lILMov1kvOz7XyhvGsDI2MC8tTE4tTABCuDgY=
eJwrLy/Xy07MK8lILMov1kvOz7XyhvGsDI2MqyqSAefjDNY=
eJwrLy/Xy07MK8lILMov1kvOz7XyhvGsDI2M4VIAPO8PTA==
eJwrLy/Xy07MK8lILMov1kvOz7XyhvGsDI0SU3Iz8wyNABDxDbo=
eJwrLy/Xy07MK8lILMov1kvOz7XyhvGsDI0SU3Iz84xNABD3Db4=
eJwrLy/Xy07MK8lILMov1kvOz7XyhvGsDI0Kyw2NAOgTDJk=
eJwrLy/Xy07MK8lILMov1kvOz7XyhvGsDI0KyxOLqyoABEMN/A==
eJwrLy/Xy07MK8lILMov1kvOz7XyhvGsDI0Ky1OLSioBBEUN+g==
eJwrLy/Xy07MK8lILMov1kvOz7XyhvGsDI0NjQHOUguz
eJwrLy/Xy07MK8lILMov1kvOz7XyhvGsDI1BEADmTQwX
eJwrLy/Xy07MK8lILMov1kvOz7XyhvGsDI1NzMwtAeZ0DCk=
eJwrLy/Xy07MK8lILMov1kvOz7XyhvGsDE3MjUwtjM0sAQwzDMg=
eJwrLy/Xy07MK8lILMov1kvOz7XyhvGsDE0tzU2NAeaLDCk=
eJwrLy/Xy07MK8lILMov1kvOz7XyhvGsDC0MzCyMAOZ4DCQ=
eJwrLy/Xy07MK8lILMov1kvOz7XyhvGsDC2NLIzNTcxMAQxNDMg=
eJwrLy/Xy07MK8lILMov1kvOz7XyhvGsDBONkoyTAef4DKc=
eJwrLy/Xy07MK8lILMov1kvOz7XyhvGsDBNTcjPzAOlYDSU=
eJwrLy/Xy07MK8lILMov1kvOz7XyhvGsDAuM8o0zAehwDMk=
eJwrLy/Xy07MK8lILMov1kvOz7XyhvGsDAuNyo1TAeiJDM4=
eJwrLy/Xy07MK8lILMov1kvOz7XyhvGsDAuNyo1TTYoAAw4NdA==
eJwrLy/Xy07MK8lILMov1kvOz7XyhvGsDAsTi8uNAOmODQo=
eJwrLy/Xy07MK8lILMov1kvOz7XyhvGsDAsTqwDPswxo
eJwrLy/Xy07MK8lILMov1kvOz7XyhvGsDAsTq4zKiysABO0N/A==
eJwrLy/Xy07MK8lILMov1kvOz7XyhvGsDAsTqyqKy40ABbsN/A==
eJwrLy/Xy07MK8lILMov1kvOz7XyhvGsDAvLjYxTAejODM4=
eJwrLy/Xy07MK8lILMov1kvOz7XyhvGsDAvLU4tKKgH3vA3I
eJwrLy/Xy07MK8lILMov1kvOz7XyhvGsDIsT87Lyi1MBBXQODw==
eJwrLy/Xy07MK8lILMov1kvOz7XyhvGsDItLAMNiDAM=
eJwrLy/Xy07MK8lILMov1kvOz7XyhvGsDMuNCo2LTFIBAzQNdA==
eJwrLy/Xy07MK8lILMov1kvOz7XyhvGsjAwMDADOSAut
eJwrLy/Xy07MK8lILMov1kvOz7XyhvGsjAwNjQDOTwux
eJwrLy/Xy07MK8lILMov1kvOz7XyhvGsjIAAAM5UC7M=
eJwrLy/Xy07MK8lILMov1kvOz7XyhvGsjEAAANo5C+U=
eJwrLy/Xy07MK8lILMov1kvOz7XyhvGsjMAAAOZQDBc=
eJwrLy/Xy07MK8lILMov1kvOz7XyhvGsjIxBEADmWQwa
eJwrLy/Xy07MK8lILMov1kvOz7XyhvGsjIEAAM5eC7c=
eJwrLy/Xy07MK8lILMov1kvOz7XyhvGsjMEAAOZlDB0=
eJwrLy/Xy07MK8lILMov1kvOz7XyhvGsTIyNDAHOXgu1
eJwrLy/Xy07MK8lILMov1kvOz7XyhvGsTExMAMKtC4c=
eJwrLy/Xy07MK8lILMov1kvOz7XyhvGsTIAAAM5oC7s=
eJwrLy/Xy07MK8lILMov1kvOz7XyhvGsTMAAAOZ6DCM=
eJwrLy/Xy07MK8lILMov1kvOz7XyhvGsTCwMTQ3NjIxNjAAZGwzv
eJwrLy/Xy07MK8lILMov1kvOz7XyhvGsTA1NDQDOYQu2
eJwrLy/Xy07MK8lILMov1kvOz7XyhvGsTE1NAcKzC4o=
eJwrLy/Xy07MK8lILMov1kvOz7XyhvGsTIEAAM5yC78=
eJwrLy/Xy07MK8lILMov1kvOz7XyhvGsTEEAANpmC/Q=
eJwrLy/Xy07MK8lILMov1kvOz7XyhvGsTMEAAOaPDCk=
eJwrLy/Xy07MK8lILMov1kvOz7XyhvGszExNjI0MAeaBDCA=
eJwrLy/Xy07MK8lILMov1kvOz7XyhvGszMzMAMK5C40=
eJwrLy/Xy07MK8lILMov1kvOz7XyhvGszIAAAM58C8M=
eJwrLy/Xy07MK8lILMov1kvOz7XyhvGszMAAAOakDC8=
eJwrLy/Xy07MK8lILMov1kvOz7XyhvGszMzMLC0tAea2DDg=
eJwrLy/Xy07MK8lILMov1kvOz7VKTMnNzLMyNIJAAMiaCtU=
eJwrLy/Xy07MK8lILMov1kvOz7VKTMnNzLMyAAIAnmIKCQ==
eJwrLy/Xy07MK8lILMov1kvOz7VKTMnNzLMyNIJAAMiaCtU=
eJwrLy/Xy07MK8lILMov1kvOz7VKTMnNzLMyNDIuSgMAqWsKtw==
eJwrLy/Xy07MK8lILMov1kvOz7VKTMnNzLMyAAEAqJsKOQ==
eJwrLy/Xy07MK8lILMov1kvOz7VKTMnNzLMyNDIGAJRjCd8=
eJwrLy/Xy07MK8lILMov1kvOz7VKTMnNzLMyNDIxNbcAALNJCoQ=
eJzLTswryUgsyi/WS87PtfKG8ayyYSwA3VsNIw==
eJzLTswryUgsyi/WS87PtfKG8ayyYSwA3VsNIw==
eJzLTswryUgsyi/WS87PtfKG8RAsQxNzAASFDZ8=
eJzLTswryUgsyi/WS87PtfKG8ayyYSwA3VsNIw==
eJwrLy/Xy07MK8lILMov1kvOz7VKTMnNzLMyAAMAswQKaQ==
eJwrLy/Xy07MK8lILMov1kvOz7VKTMnNzLMyNDIGIgCzKgp1
eJwrLy/Xy07MK8lILMov1kvOz7VKTMnNzLMyNCosTyyuqgAAzc4MWg==
eJzLTswryUgsyi/WS87PtfKG8ayyYSwA3VsNIw==
eJwrLy/Xy07MK8lILMov1kvOz7XyhvGsFAMdo4zKiysAAi0NjA==
eJzLTswryUgsyi/WS87PtfKG8ayyYSwA3VsNIw==
eJwrLy/Xy07MK8lILMov1kvOz7VKTMnNzLMyS04uSUrKNjU0AwDnLAyE
eJwrLy/Xy07MK8lILMov1kvOz7VKTMnNzLMyggIAyK4K2Q==
eJzLTswryUgsyi/WS87PtfKG8RAsANw7DQM=
eJwrLy/Xy07MK8lILMov1kvOz7VKTMnNzLMyNDY0BgCedAoR
eJwrLy/Xy07MK8lILMov1kvOz7VKTMnNzLMygAIAyGYKyQ==
eJwrLy/Xy07MK8lILMov1kvOz7VKTMnNzLMyNDKGIADTswsL
eJzLTswryUgsyi/WS87PtfKG8ayyYSwA3VsNIw==
eJzLTswryUgsyi/WS87PtfKG8RAsANw7DQM=
eJzLTswryUgsyi/WS87PtfKG8ayyYSwA3VsNIw==
eJwrLy/Xy07MK8lILMov1kvOz7VKTMnNzLMyMgZBALM3Cng=
eJwrLy/Xy07MK8lILMov1kvOz7VKTMnNzLMyNzG0MDWyNDMGANRACyY=
eJzLTswryUgsyi/WS87PtfKG8RAsANw7DQM=
eJwrLy/Xy07MK8lILMov1kvOz7VKTMnNzLMyNAZBALMrCnU=
eJwrLy/Xy07MK8lILMov1kvOz7VKTMnNzLMyNDI2NjIEALMuCnU=
eJwrLy/Xy07MK8lILMov1kvOz7VKTMnNzLMygAMA3ogLKQ==
eJzLTswryUgsyi/WS87PtfKG8ayyYSwA3VsNIw==
eJzLTswryUgsyi/WS87PtfKG8ayyYSwA3VsNIw==
eJzLTswryUgsyi/WS87PtfKG8ayyYSwA3VsNIw==
eJzLTswryUgsyi/WS87PtfKG8RAsANw7DQM=
eJzLTswryUgsyi/WS87PtfKG8ayyYSwA3VsNIw==
eJwrLy/Xy07MK8lILMov1kvOz7VKTMnNzLMyMgFBALNACns=
eJwrLy/Xy07MK8lILMov1kvOz7VKTMnNzLMyNzW2NDUEALN5Coc=
eJzLTswryUgsyi/WS87PtfKG8ayyYSwA3VsNIw==
eJwrLy/Xy07MK8lILMov1kvOz7VKTMnNzLMyMDAHIgCzJwp3
eJwrLy/Xy07MK8lILMov1kvOz7VKTMnNzLMyNDI2AQCedgoT
eJwrLy/Xy07MK8lILMov1kvOz7XyhvGsElNyM/MMjYwBBVwNig==
eJwrLy/Xy07MK8lILMov1kvOz7VKTMnNzLMyNDYxM7cEALNSCoc=
eJzLTswryUgsyi/WS87PtfKG8ayyYSwA3VsNIw==
eJwrLy/Xy07MK8lILMov1kvOz7VKTMnNzLMyBwIAnqgKJQ==
eJwrLy/Xy07MK8lILMov1kvOz7VKTMnNzLMyMjGzMDQAALNWCn4=
eJwrLy/Xy07MK8lILMov1kvOz7VKTMnNzLMyNDI2AWEAyLYK3Q==
eJwrLy/Xy07MK8lILMov1kvOz7VKTMnNzLMyNDEyNTYDALNBCn4=
eJwrLy/Xy07MK8lILMov1kvOz7VKTMnNzLMyMDQwMjAGALMSCm8=
eJzLTswryUgsyi/WS87PtfKG8awMTcwtLM2MjQwB0/ALMQ==
eJzLTswryUgsyi/WS87PtfKG8RAsANw7DQM=
eJzLTswryUgsyi/WS87PtfKG8RAsANw7DQM=
eJwrLy/Xy07MK8lILMov1kvOz7VKTMnNzLMyBwMAs5cKkw==
eJwrLy/Xy07MK8lILMov1kvOz7VKTMnNzLMyMjUyNTQ2MgUAyNQK4g==
eJwrLy/Xy07MK8lILMov1kvOz7VKTMnNzLMyMDQyNjEFALMnCng=
eJwrLy/Xy07MK8lILMov1kvOz7VKTMnNzLMyNDEGIgCzOAp5
eJwrLy/Xy07MK8lILMov1kvOz7VKTMnNzLMyNDI2MTE2MgQAyMAK3Q==
eJzLTswryUgsyi/WS87PtfKG8RAsANw7DQM=
eJwrLy/Xy07MK8lILMov1kvOz7XyhvGsDE0tzU2NAeaLDCk=
eJzLTswryUgsyi/WS87PtfKG8ayyYSwA3VsNIw==
eJwrLy/Xy07MK8lILMov1kvOz7VKTMnNzLMyMgVBALNJCn4=
eJwrLy/Xy07MK8lILMov1kvOz7VKTMnNzLMyhwAAvmEKyg==
eJwrLy/Xy07MK8lILMov1kvOz7VKTMnNzLMyNDI2MQUAqL4KSA==
eJwrLy/Xy07MK8lILMov1kvOz7VKTMnNzLMyMDQyNjE1AwC91Qqu
eJwrLy/Xy07MK8lILMov1kvOz7VKTMnNzLMyNDEHIgCzTAqB
eJzLTswryUgsyi/WS87PtfKG8ayyYSwA3VsNIw==
eJzLTswryUgsyi/WS87PtfKG8ayyYSwA3VsNIw==
eJwrLy/Xy07MK8lILMov1kvOz7VKTMnNzLMyMjczNQYAqOAKUA==
eJwrLy/Xy07MK8lILMov1kvOz7VKTMnNzLMyNDI2MQUTAN8ZC0c=
eJwrLy/Xy07MK8lILMov1kvOz7VKTMnNzLMyNDE3MrUAALNSCoQ=
eJwrLy/Xy07MK8lILMov1kvOz7VKTMnNzLMyMDQyNjE1M7ewBADfLQtW
eJwrLy/Xy07MK8lILMov1kvOz7VKTMnNzLMyhwIAyWILAQ==
eJzLTswryUgsyi/WS87PtfKG8ayyYSwA3VsNIw==
eJwrLy/Xy07MK8lILMov1kvOz7VKTMnNzLMyNDI2MTUDALM8Cn4=
eJwrLy/Xy07MK8lILMov1kvOz7VKTMnNzLMysLQwNzM1MTYyBADfpQtW
eJwrLy/Xy07MK8lILMov1kvOz7VKTMnNzLMytzADIgCzmQqT
eJwrLy/Xy07MK8lILMov1kvOz7VKTMnNzLMyNDE3MrUwNrMEANQcCyY=
eJwrLy/Xy07MK8lILMov1kvOz7VKTMnNzLMyNjIEIgCzMgp1
eJzLTswryUgsyi/WS87PtfKG8ayyYSwA3VsNIw==
eJzLTswryUgsyi/WS87PtfKG8RAsANw7DQM=
eJwrLy/Xy07MK8lILMov1kvOz7VKTMnNzLMyBgIAnoAKFQ==
eJwrLy/Xy07MK8lILMov1kvOz7VKTMnNzLMyNDI2MTUzBwC98Qq1
eJwrLy/Xy07MK8lILMov1kvOz7VKTMnNzLMytzCDIADUnQs4
eJwrLy/Xy07MK8lILMov1kvOz7VKTMnNzLMyBACA2Al6
eJwrLy/Xy07MK8lILMov1kvOz7VKTMnNzLMyNDG3MDUCALNeCoQ=
eJzLTswryUgsyi/WS87PtfKG8RAsANw7DQM=
eJwrLy/Xy07MK8lILMov1kvOz7VKTMnNzLMyNDG3MDUyNrMEANQoCyY=
eJwrLy/Xy07MK8lILMov1kvOz7VKTMnNzLMyNDI2MTUztwAAyN4K7Q==
eJwrLy/Xy07MK8lILMov1kvOz7VKTMnNzLMyBgMAs0MKew==
eJwrLy/Xy07MK8lILMov1kvOz7VKTMnNzLMyNABBALMQCmw=
eJwrLy/Xy07MK8lILMov1kvOz7VKTMnNzLMyt7A0MTUDALOWCpA=
eJzLTswryUgsyi/WS87PtfKG8RAsANw7DQM=
eJzLTswryUgsyi/WS87PtfKG8RAsANw7DQM=
eJwrLy/Xy07MK8lILMov1kvOz7XyhvGsDI2MTQDOVAu1
eJwrLy/Xy07MK8lILMov1kvOz7VKTMnNzLMyNDAyMDYAALMYCm8=
eJwrLy/Xy07MK8lILMov1kvOz7VKTMnNzLMyNDI2MTUzt7AEANQECyY=
eJwrLy/Xy07MK8lILMov1kvOz7VKTMnNzLMyNjMyMTYDALNUCoE=
eJwrLy/Xy07MK8lILMov1kvOz7VKTMnNzLMyNDUAosRiAMlPC0k=
eJwrLy/Xy07MK8lILMov1kvOz7VKTMnNzLMyt7A0MTUzNDIGANRwCyY=
eJzLTswryUgsyi/WS87PtfKG8RAsANw7DQM=
eJzLTswryUgsyi/WS87PtfKG8RAsQwDpbw00
eJzLTswryUgsyi/WS87PtfKG8ayyYSwA3VsNIw==
eJwrLy/Xy07MK8lILMov1kvOz7VKTMnNzLMyNLU0NjUHALNhCoc=
eJwrLy/Xy07MK8lILMov1kvOz7VKTMnNzLMyNDI2MTUzt7A0AADfWgtW
eJwrLy/Xy07MK8lILMov1kvOz7VKTMnNzLOyMDUyMTUDALNxCoc=
eJwrLy/Xy07MK8lILMov1kvOz7VKTMnNzLMyNDCyNLYwMTc1AwDfUAtW
eJwrLy/Xy07MK8lILMov1kvOz7VKTMnNzLMyMTIAIgCzNgp1
eJwrLy/Xy07MK8lILMov1kvOz7VKTMnNzLMyMTYyBACegAoT
eJwrLy/Xy07MK8lILMov1kvOz7VKTMnNzLMyNDI2MTUzt7A0BADfWwtX
eJwrLy/Xy07MK8lILMov1kvOz7VKTMnNzLOyMDM3NTawBAC+Qgq/
eJwrLy/Xy07MK8lILMov1kvOz7VKTMnNzLMyNLU0NzUGALNpCoc=
eJwrLy/Xy07MK8lILMov1kvOz7VKTMnNzLMyBAIAnmwKDQ==
eJwrLy/Xy07MK8lILMov1kvOz7XyhvGsDI0MjQ1NAOZJDBc=
eJwrLy/Xy07MK8lILMov1kvOz7VKTMnNzLMyBAEAqKoKPg==
eJwrLy/Xy07MK8lILMov1kvOz7VKTMnNzLMyAQIAnooKGQ==
eJwrLy/Xy07MK8lILMov1kvOz7VKTMnNzLMyNDI2MTUzt7A0NAAA6uILhw==
eJwrLy/Xy07MK8lILMov1kvOz7VKTMnNzLMytDSzBACelgoi
eJwrLy/Xy07MK8lILMov1kvOz7VKTMnNzLOyMDczNTE2MgQAyTIK7Q==
eJwrLy/Xy07MK8lILMov1kvOz7VKTMnNzLMyNDI2MTUztygGANQ+C2A=
eJwrLy/Xy07MK8lILMov1kvOz7VKTMnNzLOyAAIAnrIKKQ==
eJwrLy/Xy07MK8lILMov1kvOz7VKTMnNzLMyTDRKMk42SQEAy6wLnQ==
eJwrLy/Xy07MK8lILMov1kvOz7VKTMnNzLMyAQMAs1gKgQ==
eJwrLy/Xy07MK8lILMov1kvOz7VKTMnNzLMyBAMAsxkKbw==
eJwrLy/Xy07MK8lILMov1kvOz7VKTMnNzLMyMTUzNDIGALNXCn4=
eJwrLy/Xy07MK8lILMov1kvOz7VKTMnNzLMyNDI2MTUzTwQAyQcLFg==
eJwrLy/Xy07MK8lILMov1kvOz7VKTMnNzLMyhAAAvbkKoA==
eJwrLy/Xy07MK8lILMov1kvOz7VKTMnNzLOyAAMAs6wKmQ==
eJwrLy/Xy07MK8lILMov1kvOz7VKTMnNzLMyLDQqN04FALVnCyw=
eJwrLy/Xy07MK8lILMov1kvOz7VKTMnNzLMyNDI2MTVLBAC+Gwrf
eJwrLy/Xy07MK8lILMov1kvOz7VKTMnNzLMyhAIAyIoK0Q==
eJwrLy/Xy07MK8lILMov1kvOz7VKTMnNzLOygAIAyYYLCQ==
eJwrLy/Xy07MK8lILMov1kvOz7VKTMnNzLMyLDQqN041KQIAzJkL0g==
eJwrLy/Xy07MK8lILMov1kvOz7VKTMnNzLMyMTUDIgCzaQqH
eJzLTswryUgsyi/WS87PtfKG8RAsMzMzAASXDaU=
eJwrLy/Xy07MK8lILMov1kvOz7XyhvGsElNyDY2MAelODLM=
eJwrLy/Xy07MK8lILMov1kvOz7VKTMnNzLMyNDI2MTVLTAQAyVsLQA==
eJwrLy/Xy07MK8lILMov1kvOz7VKTMnNzLOyNLAwMAQAqOEKSw==
eJwrLy/Xy07MK8lILMov1kvOz7VKTMnNzLMyMTUzt7AEALN7CpA=
eJwrLy/Xy07MK8lILMov1kvOz7VKTMnNzLMyLDQqN041KTItAQDlGwx7
eJwrLy/Xy07MK8lILMov1kvOz7VKTMnNzLMyhAMA3r8LMw==
eJwrLy/Xy07MK8lILMov1kvOz7VKTMnNzLMyNDI2MTVLTEoGANUAC6Q=
eJwrLy/Xy07MK8lILMov1kvOz7VKTMnNzLOyNDU0NzUGALN5Coc=
eJwrLy/Xy07MK8lILMov1kvOz7VKTMnNzLMyNTQ1AACegwoU
eJwrLy/Xy07MK8lILMov1kvOz7VKTMnNzLMyNDQ0MjICALMfCnI=
eJwrLy/Xy07MK8lILMov1kvOz7VKTMnNzLMyLEysAuEqYwDn7Qzw
eJwrLy/Xy07MK8lILMov1kvOz7VKTMnNzLMyNTE2MgQAqNIKSA==
eJwrLy/Xy07MK8lILMov1kvOz7VKTMnNzLMyNDQyMjYGALMmCnU=
eJwrLy/Xy07MK8lILMov1kvOz7VKTMnNzLMyNDI2SUxKTgEAypYLnQ==
eJwrLy/Xy07MK8lILMov1kvOz7VKTMnNzLOyNDO2MDUyNzEEANRkCyY=
eJwrLy/Xy07MK8lILMov1kvOz7VKTMnNzLMyLEysMiovrgAAzngMWg==
eJwrLy/Xy07MK8lILMov1kvOz7XyhvEQLAsLCwBBsA8+
eJwrLy/Xy07MK8lILMov1kvOz7VKTMnNzLOytDA3MzUBALOeCpA=
eJwrLy/Xy07MK8lILMov1kvOz7VKTMnNzLMyLEysqiguNwIAz0YMWg==
eJwrLy/Xy07MK8lILMov1kvOz7VKTMnNzLMyNDI2KSxPLQIAyycL0g==
eJwrLy/Xy07MK8lILMov1kvOz7VKTMnNzLMyNDQyMjY2MQEAyKwK3Q==
eJwrLy/Xy07MK8lILMov1kvOz7VKTMnNzLMyBQIAnpQKHQ==
eJwrLy/Xy07MK8lILMov1kvOz7VKTMnNzLOytDA3MzUxNgIAyVYK9Q==
eJwrLy/Xy07MK8lILMov1kvOz7VKTMnNzLMyNDQyMjY2MTE1BQDfBQtH
eJwrLy/Xy07MK8lILMov1kvOz7VKTMnNzLMyBQEAqOYKUg==
eJwrLy/Xy07MK8lILMov1kvOz7VKTMnNzLMyMjAwAACeagoL
eJwrLy/Xy07MK8lILMov1kvOz7VKTMnNzLMyNDI2MzUBALNACn4=
eJzLTswryUgsyi/WS87PtfKG8RAsI3MA9twNbA==
eJwrLy/Xy07MK8lILMov1kvOz7VKTMnNzLMyBQMAs20Khw==
eJwrLy/Xy07MK8lILMov1kvOz7VKTMnNzLMyNDI2MzUxt7AEANQICyY=
eJwrLy/Xy07MK8lILMov1kvOz7VKTMnNzLMyMjQ0AgCecQoP
eJwrLy/Xy07MK8lILMov1kvOz7VKTMnNzLMyNDQyNrUAALMyCn0=
eJwrLy/Xy07MK8lILMov1kvOz7VKTMnNzLOytDA3MzUxNjIEANR8CyY=
eJwrLy/Xy07MK8lILMov1kvOz7XyhvGsCg3LjVKNAelADM4=
eJwrLy/Xy07MK8lILMov1kvOz7VKTMnNzLMyNDI2t7AEALNOCoc=
eJwrLy/Xy07MK8lILMov1kvOz7VKTMnNzLMyNDQyNrUwNAYAyMEK4Q==
eJwrLy/Xy07MK8lILMov1kvOz7VKTMnNzLMyMgRBALMlCnI=
eJwrLy/Xy07MK8lILMov1kvOz7VKTMnNzLOytDA3MzUxNjI0AADf0gtW
eJwrLy/Xy07MK8lILMov1kvOz7VKTMnNzLMyhQIAyRoK8Q==
eJwrLy/Xy07MK8lILMov1kvOz7VKTMnNzLOytEhJTDVINbBINjBMs0w1M0lJNk6zNDM1SE0yTTQ3NAEAOBwSQA==
eJwrLy/Xy07MK8lILMov1kvOz7VKTMnNzLMyNDJOTEoGALRKCwU=
eJwrLy/Xy07MK8lILMov1kvOz7VKTMnNzLMyMzUxNjIEALNfCn4=
eJwrLy/Xy07MK8lILMov1kvOz7VKTMnNzLMyMjICAJRlCd8=
eJwrLy/Xy07MK8lILMov1kvOz7VKTMnNzLMyNDQyNrUwNDYyBADfGAtE
eJwrLy/Xy07MK8lILMov1kvOz7VKTMnNzLMyAgIAnnYKEQ==
eJwrLy/Xy07MK8lILMov1kvOz7VKTMnNzLMyAwIAnp4KIQ==
eJwrLy/Xy07MK8lILMov1kvOz7VKTMnNzLOyBAIAnrwKLQ==
eJwrLy/Xy07MK8lILMov1kvOz7VKTMnNzLMyNDI0AgCecAoP
eJwrLy/Xy07MK8lILMov1kvOz7VKTMnNzLMyNDIuLE8FALSmCyw=
eJwrLy/Xy07MK8lILMov1kvOz7VKTMnNzLOyBAMAs8EKnw==
eJwrLy/Xy07MK8lILMov1kvOz7VKTMnNzLMyNAJBALMiCnI=
eJwrLy/Xy07MK8lILMov1kvOz7VKTMnNzLMyAgMAsy4KdQ==
eJwrLy/Xy07MK8lILMov1kvOz7VKTMnNzLMyNDIuLE9NLE4BANiXDGQ=
eJwrLy/Xy07MK8lILMov1kvOz7VKTMnNzLMyAwMAs4IKjQ==
eJwrLy/Xy07MK8lILMov1kvOz7VKTMnNzLOyhAIAyaoLEQ==
eJwrLy/Xy07MK8lILMov1kvOz7VKTMnNzLNKTM/LTC2uyk4EAN1yDQY=
eJwrLy/Xy07MK8lILMov1kvOz7VKTMnNzLMyszSzBACeqgon
eJwrLy/Xy07MK8lILMov1kvOz7VKTMnNzLNKzEtPzSkGALeWC8M=
eJwrLy/Xy07MK8lILMov1kvOz7VKTMnNzLNKNDQyNjEFALRNCqk=
eJwrLy/Xy07MK8lILMov1kvOz7VKTMnNzLNKzMuoTC1NzQUA0KcMpQ==
eJwrLy/Xy07MK8lILMov1kvOz7VKTMnNzLNKNDQyNjE1AwC/LArf
eJwrLy/Xy07MK8lILMov1kvOz7VKTMnNzLOyhAEA1PQLSg==
eJwrLy/Xy07MK8lILMov1kvOz7VKTMnNzLNKzCxKyi/KSwUA0HYMmw==
eJwrLy/Xy07MK8lILMov1kvOz7VKTMnNzLMyswRBALOdCpY=
eJwrLy/Xy07MK8lILMov1kvOz7VKTMnNzLNKNDQyNjE1MwcAykILFg==
eJwrLy/Xy07MK8lILMov1kvOz7VKTMnNzLNKzCwqyEnMSwUA0H0MlQ==
eJwrLy/Xy07MK8lILMov1kvOz7VKTMnNzLMys4RAAMluCwU=
eJwrLy/Xy07MK8lILMov1kvOz7VKTMnNzLOyhAMA4HcLgw==
eJwrLy/Xy07MK8lILMov1kvOz7VKTMnNzLNKzMvMTcwBALeZC7s=
eJwrLy/Xy07MK8lILMov1kvOz7VKTMnNzLNKzMtKzMkEALeMC7g=
eJwrLy/Xy07MK8lILMov1kvOz7VKTMnNzLNKzEkszk4EALeKC7Y=
eJwrLy/Xy07MK8lILMov1kvOz7VKTMnNzLNKLC7OyM9JBQDEHww4
eJwrLy/Xy07MK8lILMov1kvOz7VKTMnNzLNKNEwySjYGALVmCwU=
eJwrLy/Xy07MK8lILMov1kvOz7VKTMnNzLNKSiwuBgCghgry
eJwrLy/Xy07MK8lILMov1kvOz7VKTMnNzLMCCeXnVQIAxB4MSg==
eJwrLy/Xy07MK8lILMov1kvOz7VKTMnNzLNKzElKLSoBALeFC8M=
eJwrLy/Xy07MK8lILMov1kvOz7VKTMnNzLNKNEwySjZOMQEAzGwLnQ==
eJwrLy/Xy07MK8lILMov1kvOz7VKTMnNzLNKLC7OTcwDALfcC8w=
eJwrLy/Xy07MK8lILMov1kvOz7VKTMnNzLNKSiwuSSxKAQDDywwq
eJzLTswryUgsyi/WS87PtfKG8RAsQ0sLUwASag3a
eJwrLy/Xy07MK8lILMov1kvOz7VKTMnNzLNKSizJTcwDALeMC7w=
eJwrLy/Xy07MK8lILMov1kvOz7VKTMnNzLNKzEmtAACgjArz
eJwrLy/Xy07MK8lILMov1kvOz7VKTMnNzLMCCeXnVRoCANCZDHs=
eJwrLy/Xy07MK8lILMov1kvOz7VKTMnNzLNKLE0uyczPAwDECAw8
eJwrLy/Xy07MK8lILMov1kvOz7VKTMnNzLNKBAIAoEwKzQ==
eJwrLy/Xy07MK8lILMov1kvOz7VKTMnNzLNKBAEAq3oLLg==
eJwrLy/Xy07MK8lILMov1kvOz7VKTMnNzLNKzEmtSMxLSQUA0FMMiw==
eJwrLy/Xy07MK8lILMov1kvOz7VKTMnNzLNKSqwoSS0CALe9C88=
eJwrLy/Xy07MK8lILMov1kvOz7VKTMnNzLNKzCstSkzJSAQA0IkMjQ==
eJwrLy/Xy07MK8lILMov1kvOz7VKTMnNzLNKLE0vLS4BALf4C+I=
eJwrLy/Xy07MK8lILMov1kvOz7VKTMnNzLNKLMjPyckHALfRC9A=
eJwrLy/Xy07MK8lILMov1kvOz7VKTMnNzLNKBAMAtwkLjw==
eJwrLy/Xy07MK8lILMov1kvOz7VKTMnNzLNKLC0uycwDALgLC90=
eJwrLy/Xy07MK8lILMov1kvOz7VKTMnNzLNKzEmtSMxLSS0CAN1QDP0=
eJwrLy/Xy07MK8lILMov1kvOz7VKTMnNzLNKAgMAtx4LlQ==
eJwrLy/Xy07MK8lILMov1kvOz7VKTMnNzLNKhAIAz0oMUQ==
eJwrLy/Xy07MK8lILMov1kvOz7VKTMnNzLNKLC0uKUrMyUwEAN4SDQ8=
eJwrLy/Xy07MK8lILMov1kvOz7VKTMnNzLNKzEmtSMxLKUoEAN1ZDPk=
eJwrLy/Xy07MK8lILMov1kvOz7VKTMnNzLNKSk1MzgAAq5oLPA==
eJwrLy/Xy07MK8lILMov1kvOz7VKTMnNzLNKLCjISQUAq/0LWw==
eJwrLy/Xy07MK8lILMov1kvOz7VKTMnNzLNKSk0sAgCgbQrj
eJwrLy/Xy07MK8lILMov1kvOz7VKTMnNzLNKzEmtyCwGALe3C88=
eJwrLy/Xy07MK8lILMov1kvOz7VKTMnNzLNKLCjISTU0MgYAzzgL8Q==
eJwrLy/Xy07MK8lILMov1kvOz7VKTMnNzLNKTEo2NDIGALX6CwU=
eJwrLy/Xy07MK8lILMov1kvOz7VKTMnNzLNKLEvMyc8DALe8C8o=
eJwrLy/Xy07MK8lILMov1kvOz7VKTMnNzLNKLEssSSwCALe8C8g=
eJwrLy/Xy07MK8lILMov1kvOz7VKTMnNzLNKLCjISS0GALfLC84=
eJwrLy/Xy07MK8lILMov1kvOz7VKTMnNzLNKzMlMzkwEALd2C6w=
eJwrLy/Xy07MK8lILMov1kvOz7VKTMnNzLNKTEo2NDI2MQUAzKELbg==
eJwrLy/Xy07MK8lILMov1kvOz7VKTMnNzLNKSk0syUktBgDDnwwp
eJwrLy/Xy07MK8lILMov1kvOz7VKTMnNzLNKSk0sLclMK80BAN1eDQo=
eJwrLy/Xy07MK8lILMov1kvOz7VKTMnNzLNKLCxNLMosLQYA0MgMtA==
eJwrLy/Xy07MK8lILMov1kvOz7VKTMnNzLNKzMkszs8DALe/C88=
eJwrLy/Xy07MK8lILMov1kvOz7VKTMnNzLNKLE8tzs9NBQDEHww6
eJwrLy/Xy07MK8lILMov1kvOz7VKTMnNzLNKTEo2NDI2MTUDANhFC6Q=
eJwrLy/Xy07MK8lILMov1kvOz7VKTMnNzLNKzMnJLM7PAwDD8Qw7
eJwrLy/Xy07MK8lILMov1kvOz7VKTMnNzLNKrEotKqkEALgHC+g=
eJwrLy/Xy07MK8lILMov1kvOz7VKTMnNzLNKLMqsys9LBADELww9
eJwrLy/Xy07MK8lILMov1kvOz7VKTMnNzLNKTEpOAQCgVgrT
eJwrLy/Xy07MK8lILMov1kvOz7VKTMnNzLNKSk0sLakEALedC9M=
eJwrLy/Xy07MK8lILMov1kvOz7VKTMnNzLNKTEpOMTQyNgEAzZYLnQ==
eJwrLy/Xy07MK8lILMov1kvOz7VKTMnNzLNKLMrLz0kBALfVC8k=
eJwrLy/Xy07MK8lILMov1kvOz7VKTMnNzLNKSkxKLQYAq5wLRg==
eJwrLy/Xy07MK8lILMov1kvOz7VKTMnNzLNKSk0sSy0CALd7C74=
eJwrLy/Xy07MK8lILMov1kvOz7VKTMnNzLNKzCnISAQAq+ELTw==
eJzLTswryUgsyi/WS87PtfKG8RAsQ0sLMwASaw3b
eJwrLy/Xy07MK8lILMov1kvOz7VKTMnNzLNKSkyqBACgagrn
eJwrLy/Xy07MK8lILMov1kvOz7VKTMnNzLNKSk0syywGALeEC8M=
eJwrLy/Xy07MK8lILMov1kvOz7VKTMnNzLNKTEpOSU0DALcsC54=
eJwrLy/Xy07MK8lILMov1kvOz7VKTMnNzLNKzCnISDQEALdhC4A=
eJwrLy/Xy07MK8lILMov1kvOz7VKTMnNzLNKLCpOzUvMAQDD+wwv
eJwrLy/Xy07MK8lILMov1kvOz7VKTMnNzLNKLCrJKC0CALf4C98=
eJwrLy/Xy07MK8lILMov1kvOz7VKTMnNzLNKzKksLk4EALf6C9Y=
eJwrLy/Xy07MK8lILMov1kvOz7VKTMnNzLNKSk0tAgCgdQrn
eJwrLy/Xy07MK8lILMov1kvOz7VKTMnNzLNKSkyqTM8sygEA0C0MlQ==
eJwrLy/Xy07MK8lILMov1kvOz7VKTMnNzLNKTEpOSU1LBwDDMQwF
eJwrLy/Xy07MK8lILMov1kvOz7VKTMnNzLNKLAZBALerC8U=
eJwrLy/Xy07MK8lILMov1kvOz7VKTMnNzLNKzE3MS0kEALdyC6s=
eJwrLy/Xy07MK8lILMov1kvOz7VKTMnNzLNKTEpOSU1LzwAAz54MbQ==
eJwrLy/Xy07MK8lILMov1kvOz7VKTMnNzLNKSkxJLC4GALdRC7c=
eJwrLy/Xy07MK8lILMov1kvOz7VKTMnNzLNKSs3LSgQyANAqDI0=
eJwrLy/Xy07MK8lILMov1kvOz7VKTMnNzLNKLE4xNDIGALZTCxc=
eJwrLy/Xy07MK8lILMov1kvOz7VKTMnNzLNKSi3KycwDALelC8U=
eJwrLy/Xy07MK8lILMov1kvOz7VKTMnNzLNKzE0sSS0tAgDD0gw4
eJwrLy/Xy07MK8lILMov1kvOz7VKTMnNzLNKTMrIzEssAwDDfgwi
eJwrLy/Xy07MK8lILMov1kvOz7VKTMnNzLNKSkxJyq8EALdSC7o=
eJwrLy/Xy07MK8lILMov1kvOz7VKTMnNzLNKLE4BIgC3lgu5
eJwrLy/Xy07MK8lILMov1kvOz7VKTMnNzLNKSkxJTy0CALdGC64=
eJwrLy/Xy07MK8lILMov1kvOz7VKTMnNzLNKzE1KLQIAq8YLUA==
eJwrLy/Xy07MK8lILMov1kvOz7VKTMnNzLNKTMrILM5IzQYA0BIMiA==
eJwrLy/Xy07MK8lILMov1kvOz7VKTMnNzLNKSi0pT03NMzQyBADpsQzH
eJwrLy/Xy07MK8lILMov1kvOz7VKTMnNzLNKzE0tykxOBADDtQwb
eJwrLy/Xy07MK8lILMov1kvOz7VKTMnNzLNKTE5OLS4GALddC7s=
eJwrLy/Xy07MK8lILMov1kvOz7VKTMnNzLNKLE5JAwCgjQrn
eJwrLy/Xy07MK8lILMov1kvOz7VKTMnNzLNKSszMSa0EALdwC78=
eJwrLy/Xy07MK8lILMov1kvOz7VKTMnNzLNKykzKSQUAq7wLRw==
eJwrLy/Xy07MK8lILMov1kvOz7VKTMnNzLNKykxPyq8EALeGC8U=
eJwrLy/Xy07MK8lILMov1kvOz7VKTMnNzLNKzE0tykxOzAMA0D4MiQ==
eJwrLy/Xy07MK8lILMov1kvOz7VKTMnNzLNKLE5JMzQyBgDCbAt9
eJwrLy/Xy07MK8lILMov1kvOz7VKTMnNzLNKTE7OL0oBALdqC7U=
eJwrLy/Xy07MK8lILMov1kvOz7VKTMnNzLNKSszJKQYAq8gLVw==
eJwrLy/Xy07MK8lILMov1kvOz7VKTMnNzLNKykxPzk/OBgDDjgwb
eJwrLy/Xy07MK8lILMov1kvOz7VKTMnNzLNKLE5JMzQyNgEAzh0LsQ==
eJwrLy/Xy07MK8lILMov1kvOz7VKTMnNzLNKzC0uSS1KScwFAN25DQc=
eJwrLy/Xy07MK8lILMov1kvOz7VKTMnNzLNKSswFIgC3Tgup
eJwrLy/Xy07MK8lILMov1kvOz7VKTMnNzLNKTC7JzM8DALegC8c=
eJwrLy/Xy07MK8lILMov1kvOz7VKTMnNzLNKykxPSUxJqQQAz+QMgQ==
eJwrLy/Xy07MK8lILMov1kvOz7VKTMnNzLNKzEtJLSrOzwMA0G4Mow==
eJwrLy/Xy07MK8lILMov1kvOz7VKTMnNzLNKSswDQgC3XQuq
eJwrLy/Xy07MK8lILMov1kvOz7VKTMnNzLNKLE5JA2EA0DQMhQ==
eJwrLy/Xy07MK8lILMov1kvOz7VKTMnNzAOSibkAoGEK3A==
eJwrLy/Xy07MK8lILMov1kvOz7XyhvGsyjMSM73N3TOTjXMTAUA+Dyo=
eJwrLy/Xy07MK8lILMov1kvOz7XyhvGsyjMSM73N3TOTjXMTAUA+Dyo=
